<?xml version="1.0" encoding="UTF-8"?>
<!-- Generated by org.testng.reporters.JUnitReportReporter -->
<testsuite skipped="0" hostname="ASDW0118" name="Functionalities.Window_switch" tests="1" failures="0" timestamp="21 Sep 2018 11:19:04 GMT" time="29.054" errors="0">
  <testcase name="windowSwitch" time="29.054" classname="Functionalities.Window_switch"/>
</testsuite> <!-- Functionalities.Window_switch -->
